{"timestamp":"2025-10-20T16:57:40.723240Z","level":"info","event":"DAG bundles loaded: dags-folder, example_dags","logger":"airflow.dag_processing.bundles.manager.DagBundlesManager","filename":"manager.py","lineno":179}
{"timestamp":"2025-10-20T16:57:40.723565Z","level":"info","event":"Filling up the DagBag from /opt/airflow/dags/reddit_trending_dag.py","logger":"airflow.models.dagbag.DagBag","filename":"dagbag.py","lineno":593}
{"timestamp":"2025-10-20T16:57:40.747506Z","level":"warning","event":"The `airflow.decorators.dag` attribute is deprecated. Please use `'airflow.sdk.dag'`.","category":"DeprecatedImportWarning","filename":"/opt/airflow/dags/reddit_trending_dag.py","lineno":13,"logger":"py.warnings"}
{"timestamp":"2025-10-20T16:57:40.747648Z","level":"warning","event":"The `airflow.decorators.task` attribute is deprecated. Please use `'airflow.sdk.task'`.","category":"DeprecatedImportWarning","filename":"/opt/airflow/dags/reddit_trending_dag.py","lineno":13,"logger":"py.warnings"}
{"timestamp":"2025-10-20T16:57:41.587454Z","level":"info","event":"Task instance is in running state","logger":"task.stdout"}
{"timestamp":"2025-10-20T16:57:41.587850Z","level":"info","event":" Previous state of the Task instance: TaskInstanceState.QUEUED","logger":"task.stdout"}
{"timestamp":"2025-10-20T16:57:41.588377Z","level":"info","event":"Current task name:get_config","logger":"task.stdout"}
{"timestamp":"2025-10-20T16:57:41.588715Z","level":"info","event":"Dag name:reddit_trending_pipeline","logger":"task.stdout"}
{"timestamp":"2025-10-20T16:57:41.591317Z","level":"info","event":"Done. Returned value was: {'now_iso': '2025-10-20T22:27:41.591101+05:30', 'cutoff_ts': 1760893061, 'db_conn': 'postgresql://airflow:airflow@postgres:5432/airflow', 'delay_s': 2}","logger":"airflow.task.operators.airflow.providers.standard.decorators.python._PythonDecoratedOperator","filename":"python.py","lineno":218}
{"timestamp":"2025-10-20T16:57:41.591697Z","level":"info","event":"Pushing xcom","ti":"RuntimeTaskInstance(id=UUID('019a028e-1dbc-79d1-b9e5-9edacbc5e41e'), task_id='get_config', dag_id='reddit_trending_pipeline', run_id='scheduled__2025-10-20T06:00:00+00:00', try_number=1, dag_version_id=UUID('019a028e-1b78-77f2-9a1f-323ab45d3269'), map_index=-1, hostname='ee41a8127524', context_carrier={}, task=<Task(_PythonDecoratedOperator): get_config>, bundle_instance=LocalDagBundle(name=dags-folder), max_tries=0, start_date=datetime.datetime(2025, 10, 20, 16, 57, 40, 5079, tzinfo=datetime.timezone.utc), end_date=None, state=<TaskInstanceState.RUNNING: 'running'>, is_mapped=False, rendered_map_index=None)","logger":"task","filename":"task_runner.py","lineno":1352}
{"timestamp":"2025-10-20T16:57:41.629460Z","level":"info","event":"Task instance in success state","logger":"task.stdout"}
{"timestamp":"2025-10-20T16:57:41.629578Z","level":"info","event":" Previous state of the Task instance: TaskInstanceState.RUNNING","logger":"task.stdout"}
{"timestamp":"2025-10-20T16:57:41.629658Z","level":"info","event":"Task operator:<Task(_PythonDecoratedOperator): get_config>","logger":"task.stdout"}
{"timestamp":"2025-10-20T17:57:58.332455Z","level":"info","event":"DAG bundles loaded: dags-folder, example_dags","logger":"airflow.dag_processing.bundles.manager.DagBundlesManager","filename":"manager.py","lineno":179}
{"timestamp":"2025-10-20T17:57:58.332869Z","level":"info","event":"Filling up the DagBag from /opt/airflow/dags/reddit_trending_dag.py","logger":"airflow.models.dagbag.DagBag","filename":"dagbag.py","lineno":593}
{"timestamp":"2025-10-20T17:57:58.344068Z","level":"warning","event":"The `airflow.decorators.dag` attribute is deprecated. Please use `'airflow.sdk.dag'`.","category":"DeprecatedImportWarning","filename":"/opt/airflow/dags/reddit_trending_dag.py","lineno":13,"logger":"py.warnings"}
{"timestamp":"2025-10-20T17:57:58.344117Z","level":"warning","event":"The `airflow.decorators.task` attribute is deprecated. Please use `'airflow.sdk.task'`.","category":"DeprecatedImportWarning","filename":"/opt/airflow/dags/reddit_trending_dag.py","lineno":13,"logger":"py.warnings"}
{"timestamp":"2025-10-20T17:57:58.353583Z","level":"info","event":"Task instance is in running state","logger":"task.stdout"}
{"timestamp":"2025-10-20T17:57:58.353705Z","level":"info","event":" Previous state of the Task instance: TaskInstanceState.QUEUED","logger":"task.stdout"}
{"timestamp":"2025-10-20T17:57:58.353747Z","level":"info","event":"Current task name:get_config","logger":"task.stdout"}
{"timestamp":"2025-10-20T17:57:58.353782Z","level":"info","event":"Dag name:reddit_trending_pipeline","logger":"task.stdout"}
{"timestamp":"2025-10-20T17:57:58.354803Z","level":"info","event":"Done. Returned value was: {'now_iso': '2025-10-20T23:27:58.354741+05:30', 'cutoff_ts': 1760896678, 'db_conn': 'postgresql://airflow:airflow@postgres:5432/airflow', 'delay_s': 2}","logger":"airflow.task.operators.airflow.providers.standard.decorators.python._PythonDecoratedOperator","filename":"python.py","lineno":218}
{"timestamp":"2025-10-20T17:57:58.355013Z","level":"info","event":"Pushing xcom","ti":"RuntimeTaskInstance(id=UUID('019a02c5-5475-7b5c-8bf7-70edcce5a602'), task_id='get_config', dag_id='reddit_trending_pipeline', run_id='scheduled__2025-10-20T06:00:00+00:00', try_number=1, dag_version_id=UUID('019a02b5-27c9-79d9-846b-6276d52f7bc2'), map_index=-1, hostname='0775709aee9e', context_carrier={}, task=<Task(_PythonDecoratedOperator): get_config>, bundle_instance=LocalDagBundle(name=dags-folder), max_tries=0, start_date=datetime.datetime(2025, 10, 20, 17, 57, 58, 101113, tzinfo=datetime.timezone.utc), end_date=None, state=<TaskInstanceState.RUNNING: 'running'>, is_mapped=False, rendered_map_index=None)","logger":"task","filename":"task_runner.py","lineno":1352}
{"timestamp":"2025-10-20T17:57:58.386160Z","level":"info","event":"Task instance in success state","logger":"task.stdout"}
{"timestamp":"2025-10-20T17:57:58.386273Z","level":"info","event":" Previous state of the Task instance: TaskInstanceState.RUNNING","logger":"task.stdout"}
{"timestamp":"2025-10-20T17:57:58.386333Z","level":"info","event":"Task operator:<Task(_PythonDecoratedOperator): get_config>","logger":"task.stdout"}
{"timestamp":"2025-10-20T18:36:45.789032Z","level":"info","event":"DAG bundles loaded: dags-folder, example_dags","logger":"airflow.dag_processing.bundles.manager.DagBundlesManager","filename":"manager.py","lineno":179}
{"timestamp":"2025-10-20T18:36:45.789620Z","level":"info","event":"Filling up the DagBag from /opt/airflow/dags/reddit_trending_dag.py","logger":"airflow.models.dagbag.DagBag","filename":"dagbag.py","lineno":593}
{"timestamp":"2025-10-20T18:36:45.817444Z","level":"warning","event":"The `airflow.decorators.dag` attribute is deprecated. Please use `'airflow.sdk.dag'`.","category":"DeprecatedImportWarning","filename":"/opt/airflow/dags/reddit_trending_dag.py","lineno":13,"logger":"py.warnings"}
{"timestamp":"2025-10-20T18:36:45.817514Z","level":"warning","event":"The `airflow.decorators.task` attribute is deprecated. Please use `'airflow.sdk.task'`.","category":"DeprecatedImportWarning","filename":"/opt/airflow/dags/reddit_trending_dag.py","lineno":13,"logger":"py.warnings"}
{"timestamp":"2025-10-20T18:36:45.831811Z","level":"info","event":"Task instance is in running state","logger":"task.stdout"}
{"timestamp":"2025-10-20T18:36:45.832072Z","level":"info","event":" Previous state of the Task instance: TaskInstanceState.QUEUED","logger":"task.stdout"}
{"timestamp":"2025-10-20T18:36:45.832141Z","level":"info","event":"Current task name:get_config","logger":"task.stdout"}
{"timestamp":"2025-10-20T18:36:45.832217Z","level":"info","event":"Dag name:reddit_trending_pipeline","logger":"task.stdout"}
{"timestamp":"2025-10-20T18:36:45.832984Z","level":"info","event":"Done. Returned value was: {'now_iso': '2025-10-21T00:06:45.832928+05:30', 'cutoff_ts': 1760899005, 'db_conn': 'postgresql://airflow:airflow@postgres:5432/airflow', 'delay_s': 2}","logger":"airflow.task.operators.airflow.providers.standard.decorators.python._PythonDecoratedOperator","filename":"python.py","lineno":218}
{"timestamp":"2025-10-20T18:36:45.833179Z","level":"info","event":"Pushing xcom","ti":"RuntimeTaskInstance(id=UUID('019a02e8-4d9b-7d3d-b697-bc332d732f9f'), task_id='get_config', dag_id='reddit_trending_pipeline', run_id='scheduled__2025-10-20T06:00:00+00:00', try_number=1, dag_version_id=UUID('019a02e8-1212-7584-93ae-34bca14bb6d1'), map_index=-1, hostname='4cd881da7598', context_carrier={}, task=<Task(_PythonDecoratedOperator): get_config>, bundle_instance=LocalDagBundle(name=dags-folder), max_tries=0, start_date=datetime.datetime(2025, 10, 20, 18, 36, 44, 593478, tzinfo=datetime.timezone.utc), end_date=None, state=<TaskInstanceState.RUNNING: 'running'>, is_mapped=False, rendered_map_index=None)","logger":"task","filename":"task_runner.py","lineno":1352}
{"timestamp":"2025-10-20T18:36:45.863235Z","level":"info","event":"Task instance in success state","logger":"task.stdout"}
{"timestamp":"2025-10-20T18:36:45.863315Z","level":"info","event":" Previous state of the Task instance: TaskInstanceState.RUNNING","logger":"task.stdout"}
{"timestamp":"2025-10-20T18:36:45.863373Z","level":"info","event":"Task operator:<Task(_PythonDecoratedOperator): get_config>","logger":"task.stdout"}
