{"timestamp":"2025-10-20T16:57:50.550696Z","level":"info","event":"DAG bundles loaded: dags-folder, example_dags","logger":"airflow.dag_processing.bundles.manager.DagBundlesManager","filename":"manager.py","lineno":179}
{"timestamp":"2025-10-20T16:57:50.550995Z","level":"info","event":"Filling up the DagBag from /opt/airflow/dags/reddit_trending_dag.py","logger":"airflow.models.dagbag.DagBag","filename":"dagbag.py","lineno":593}
{"timestamp":"2025-10-20T16:57:50.559436Z","level":"warning","event":"The `airflow.decorators.dag` attribute is deprecated. Please use `'airflow.sdk.dag'`.","category":"DeprecatedImportWarning","filename":"/opt/airflow/dags/reddit_trending_dag.py","lineno":13,"logger":"py.warnings"}
{"timestamp":"2025-10-20T16:57:50.559483Z","level":"warning","event":"The `airflow.decorators.task` attribute is deprecated. Please use `'airflow.sdk.task'`.","category":"DeprecatedImportWarning","filename":"/opt/airflow/dags/reddit_trending_dag.py","lineno":13,"logger":"py.warnings"}
{"timestamp":"2025-10-20T16:57:50.589149Z","level":"info","event":"Task instance is in running state","logger":"task.stdout"}
{"timestamp":"2025-10-20T16:57:50.589295Z","level":"info","event":" Previous state of the Task instance: TaskInstanceState.QUEUED","logger":"task.stdout"}
{"timestamp":"2025-10-20T16:57:50.589402Z","level":"info","event":"Current task name:persist_and_output","logger":"task.stdout"}
{"timestamp":"2025-10-20T16:57:50.589472Z","level":"info","event":"Dag name:reddit_trending_pipeline","logger":"task.stdout"}
{"timestamp":"2025-10-20T16:57:50.627204Z","level":"info","event":"Done. Returned value was: {'rows': 111}","logger":"airflow.task.operators.airflow.providers.standard.decorators.python._PythonDecoratedOperator","filename":"python.py","lineno":218}
{"timestamp":"2025-10-20T16:57:50.627628Z","level":"info","event":"Pushing xcom","ti":"RuntimeTaskInstance(id=UUID('019a028e-1dc0-777d-a922-05fb7764ade9'), task_id='persist_and_output', dag_id='reddit_trending_pipeline', run_id='scheduled__2025-10-20T06:00:00+00:00', try_number=1, dag_version_id=UUID('019a028e-1b78-77f2-9a1f-323ab45d3269'), map_index=-1, hostname='ee41a8127524', context_carrier={}, task=<Task(_PythonDecoratedOperator): persist_and_output>, bundle_instance=LocalDagBundle(name=dags-folder), max_tries=0, start_date=datetime.datetime(2025, 10, 20, 16, 57, 50, 307050, tzinfo=datetime.timezone.utc), end_date=None, state=<TaskInstanceState.RUNNING: 'running'>, is_mapped=False, rendered_map_index=None)","logger":"task","filename":"task_runner.py","lineno":1352}
{"timestamp":"2025-10-20T16:57:50.640187Z","level":"info","event":"Task instance in success state","logger":"task.stdout"}
{"timestamp":"2025-10-20T16:57:50.640280Z","level":"info","event":" Previous state of the Task instance: TaskInstanceState.RUNNING","logger":"task.stdout"}
{"timestamp":"2025-10-20T16:57:50.640328Z","level":"info","event":"Task operator:<Task(_PythonDecoratedOperator): persist_and_output>","logger":"task.stdout"}
{"timestamp":"2025-10-20T17:58:13.846667Z","level":"info","event":"DAG bundles loaded: dags-folder, example_dags","logger":"airflow.dag_processing.bundles.manager.DagBundlesManager","filename":"manager.py","lineno":179}
{"timestamp":"2025-10-20T17:58:13.846938Z","level":"info","event":"Filling up the DagBag from /opt/airflow/dags/reddit_trending_dag.py","logger":"airflow.models.dagbag.DagBag","filename":"dagbag.py","lineno":593}
{"timestamp":"2025-10-20T17:58:13.855888Z","level":"warning","event":"The `airflow.decorators.dag` attribute is deprecated. Please use `'airflow.sdk.dag'`.","category":"DeprecatedImportWarning","filename":"/opt/airflow/dags/reddit_trending_dag.py","lineno":13,"logger":"py.warnings"}
{"timestamp":"2025-10-20T17:58:13.856046Z","level":"warning","event":"The `airflow.decorators.task` attribute is deprecated. Please use `'airflow.sdk.task'`.","category":"DeprecatedImportWarning","filename":"/opt/airflow/dags/reddit_trending_dag.py","lineno":13,"logger":"py.warnings"}
{"timestamp":"2025-10-20T17:58:13.898913Z","level":"info","event":"Task instance is in running state","logger":"task.stdout"}
{"timestamp":"2025-10-20T17:58:13.899072Z","level":"info","event":" Previous state of the Task instance: TaskInstanceState.QUEUED","logger":"task.stdout"}
{"timestamp":"2025-10-20T17:58:13.899148Z","level":"info","event":"Current task name:persist_and_output","logger":"task.stdout"}
{"timestamp":"2025-10-20T17:58:13.899192Z","level":"info","event":"Dag name:reddit_trending_pipeline","logger":"task.stdout"}
{"timestamp":"2025-10-20T17:58:13.918933Z","level":"info","event":"Done. Returned value was: {'rows': 85}","logger":"airflow.task.operators.airflow.providers.standard.decorators.python._PythonDecoratedOperator","filename":"python.py","lineno":218}
{"timestamp":"2025-10-20T17:58:13.919095Z","level":"info","event":"Pushing xcom","ti":"RuntimeTaskInstance(id=UUID('019a02c5-5479-7d7c-aec3-c902eff1cd00'), task_id='persist_and_output', dag_id='reddit_trending_pipeline', run_id='scheduled__2025-10-20T06:00:00+00:00', try_number=1, dag_version_id=UUID('019a02b5-27c9-79d9-846b-6276d52f7bc2'), map_index=-1, hostname='0775709aee9e', context_carrier={}, task=<Task(_PythonDecoratedOperator): persist_and_output>, bundle_instance=LocalDagBundle(name=dags-folder), max_tries=0, start_date=datetime.datetime(2025, 10, 20, 17, 58, 13, 647686, tzinfo=datetime.timezone.utc), end_date=None, state=<TaskInstanceState.RUNNING: 'running'>, is_mapped=False, rendered_map_index=None)","logger":"task","filename":"task_runner.py","lineno":1352}
{"timestamp":"2025-10-20T17:58:13.930913Z","level":"info","event":"Task instance in success state","logger":"task.stdout"}
{"timestamp":"2025-10-20T17:58:13.931017Z","level":"info","event":" Previous state of the Task instance: TaskInstanceState.RUNNING","logger":"task.stdout"}
{"timestamp":"2025-10-20T17:58:13.931066Z","level":"info","event":"Task operator:<Task(_PythonDecoratedOperator): persist_and_output>","logger":"task.stdout"}
{"timestamp":"2025-10-20T18:36:53.851103Z","level":"info","event":"DAG bundles loaded: dags-folder, example_dags","logger":"airflow.dag_processing.bundles.manager.DagBundlesManager","filename":"manager.py","lineno":179}
{"timestamp":"2025-10-20T18:36:53.851480Z","level":"info","event":"Filling up the DagBag from /opt/airflow/dags/reddit_trending_dag.py","logger":"airflow.models.dagbag.DagBag","filename":"dagbag.py","lineno":593}
{"timestamp":"2025-10-20T18:36:53.862829Z","level":"warning","event":"The `airflow.decorators.dag` attribute is deprecated. Please use `'airflow.sdk.dag'`.","category":"DeprecatedImportWarning","filename":"/opt/airflow/dags/reddit_trending_dag.py","lineno":13,"logger":"py.warnings"}
{"timestamp":"2025-10-20T18:36:53.862911Z","level":"warning","event":"The `airflow.decorators.task` attribute is deprecated. Please use `'airflow.sdk.task'`.","category":"DeprecatedImportWarning","filename":"/opt/airflow/dags/reddit_trending_dag.py","lineno":13,"logger":"py.warnings"}
{"timestamp":"2025-10-20T18:36:53.904591Z","level":"info","event":"Task instance is in running state","logger":"task.stdout"}
{"timestamp":"2025-10-20T18:36:53.905896Z","level":"info","event":" Previous state of the Task instance: TaskInstanceState.QUEUED","logger":"task.stdout"}
{"timestamp":"2025-10-20T18:36:53.906060Z","level":"info","event":"Current task name:persist_and_output","logger":"task.stdout"}
{"timestamp":"2025-10-20T18:36:53.906694Z","level":"info","event":"Dag name:reddit_trending_pipeline","logger":"task.stdout"}
{"timestamp":"2025-10-20T18:36:53.926202Z","level":"info","event":"Done. Returned value was: {'rows': 97}","logger":"airflow.task.operators.airflow.providers.standard.decorators.python._PythonDecoratedOperator","filename":"python.py","lineno":218}
{"timestamp":"2025-10-20T18:36:53.926332Z","level":"info","event":"Pushing xcom","ti":"RuntimeTaskInstance(id=UUID('019a02e8-4d9f-790e-97e5-1dea6311fa46'), task_id='persist_and_output', dag_id='reddit_trending_pipeline', run_id='scheduled__2025-10-20T06:00:00+00:00', try_number=1, dag_version_id=UUID('019a02e8-1212-7584-93ae-34bca14bb6d1'), map_index=-1, hostname='4cd881da7598', context_carrier={}, task=<Task(_PythonDecoratedOperator): persist_and_output>, bundle_instance=LocalDagBundle(name=dags-folder), max_tries=0, start_date=datetime.datetime(2025, 10, 20, 18, 36, 53, 529386, tzinfo=datetime.timezone.utc), end_date=None, state=<TaskInstanceState.RUNNING: 'running'>, is_mapped=False, rendered_map_index=None)","logger":"task","filename":"task_runner.py","lineno":1352}
{"timestamp":"2025-10-20T18:36:53.939092Z","level":"info","event":"Task instance in success state","logger":"task.stdout"}
{"timestamp":"2025-10-20T18:36:53.942292Z","level":"info","event":" Previous state of the Task instance: TaskInstanceState.RUNNING","logger":"task.stdout"}
{"timestamp":"2025-10-20T18:36:53.942724Z","level":"info","event":"Task operator:<Task(_PythonDecoratedOperator): persist_and_output>","logger":"task.stdout"}
