{"timestamp":"2025-10-20T16:57:40.723210Z","level":"info","event":"DAG bundles loaded: dags-folder, example_dags","logger":"airflow.dag_processing.bundles.manager.DagBundlesManager","filename":"manager.py","lineno":179}
{"timestamp":"2025-10-20T16:57:40.723617Z","level":"info","event":"Filling up the DagBag from /opt/airflow/dags/reddit_trending_dag.py","logger":"airflow.models.dagbag.DagBag","filename":"dagbag.py","lineno":593}
{"timestamp":"2025-10-20T16:57:40.748030Z","level":"warning","event":"The `airflow.decorators.dag` attribute is deprecated. Please use `'airflow.sdk.dag'`.","category":"DeprecatedImportWarning","filename":"/opt/airflow/dags/reddit_trending_dag.py","lineno":13,"logger":"py.warnings"}
{"timestamp":"2025-10-20T16:57:40.748145Z","level":"warning","event":"The `airflow.decorators.task` attribute is deprecated. Please use `'airflow.sdk.task'`.","category":"DeprecatedImportWarning","filename":"/opt/airflow/dags/reddit_trending_dag.py","lineno":13,"logger":"py.warnings"}
{"timestamp":"2025-10-20T16:57:41.588112Z","level":"info","event":"Task instance is in running state","logger":"task.stdout"}
{"timestamp":"2025-10-20T16:57:41.588498Z","level":"info","event":" Previous state of the Task instance: TaskInstanceState.QUEUED","logger":"task.stdout"}
{"timestamp":"2025-10-20T16:57:41.588656Z","level":"info","event":"Current task name:get_subreddits","logger":"task.stdout"}
{"timestamp":"2025-10-20T16:57:41.588851Z","level":"info","event":"Dag name:reddit_trending_pipeline","logger":"task.stdout"}
{"timestamp":"2025-10-20T16:57:41.590193Z","level":"info","event":"Done. Returned value was: ['MusicIndia', 'BollyBlindsNGossip', 'IndiaTech', 'popculturechat', 'sports', 'gaming', 'entertainment', 'worldnews', 'technology']","logger":"airflow.task.operators.airflow.providers.standard.decorators.python._PythonDecoratedOperator","filename":"python.py","lineno":218}
{"timestamp":"2025-10-20T16:57:41.591014Z","level":"info","event":"Pushing xcom","ti":"RuntimeTaskInstance(id=UUID('019a028e-1dbd-7946-baf1-5205eefae44f'), task_id='get_subreddits', dag_id='reddit_trending_pipeline', run_id='scheduled__2025-10-20T06:00:00+00:00', try_number=1, dag_version_id=UUID('019a028e-1b78-77f2-9a1f-323ab45d3269'), map_index=-1, hostname='ee41a8127524', context_carrier={}, task=<Task(_PythonDecoratedOperator): get_subreddits>, bundle_instance=LocalDagBundle(name=dags-folder), max_tries=0, start_date=datetime.datetime(2025, 10, 20, 16, 57, 40, 5109, tzinfo=datetime.timezone.utc), end_date=None, state=<TaskInstanceState.RUNNING: 'running'>, is_mapped=False, rendered_map_index=None)","logger":"task","filename":"task_runner.py","lineno":1352}
{"timestamp":"2025-10-20T16:57:41.610705Z","level":"info","event":"Task instance in success state","logger":"task.stdout"}
{"timestamp":"2025-10-20T16:57:41.610795Z","level":"info","event":" Previous state of the Task instance: TaskInstanceState.RUNNING","logger":"task.stdout"}
{"timestamp":"2025-10-20T16:57:41.610860Z","level":"info","event":"Task operator:<Task(_PythonDecoratedOperator): get_subreddits>","logger":"task.stdout"}
{"timestamp":"2025-10-20T17:57:58.332455Z","level":"info","event":"DAG bundles loaded: dags-folder, example_dags","logger":"airflow.dag_processing.bundles.manager.DagBundlesManager","filename":"manager.py","lineno":179}
{"timestamp":"2025-10-20T17:57:58.332862Z","level":"info","event":"Filling up the DagBag from /opt/airflow/dags/reddit_trending_dag.py","logger":"airflow.models.dagbag.DagBag","filename":"dagbag.py","lineno":593}
{"timestamp":"2025-10-20T17:57:58.344068Z","level":"warning","event":"The `airflow.decorators.dag` attribute is deprecated. Please use `'airflow.sdk.dag'`.","category":"DeprecatedImportWarning","filename":"/opt/airflow/dags/reddit_trending_dag.py","lineno":13,"logger":"py.warnings"}
{"timestamp":"2025-10-20T17:57:58.344404Z","level":"warning","event":"The `airflow.decorators.task` attribute is deprecated. Please use `'airflow.sdk.task'`.","category":"DeprecatedImportWarning","filename":"/opt/airflow/dags/reddit_trending_dag.py","lineno":13,"logger":"py.warnings"}
{"timestamp":"2025-10-20T17:57:58.353769Z","level":"info","event":"Task instance is in running state","logger":"task.stdout"}
{"timestamp":"2025-10-20T17:57:58.353897Z","level":"info","event":" Previous state of the Task instance: TaskInstanceState.QUEUED","logger":"task.stdout"}
{"timestamp":"2025-10-20T17:57:58.353951Z","level":"info","event":"Current task name:get_subreddits","logger":"task.stdout"}
{"timestamp":"2025-10-20T17:57:58.353984Z","level":"info","event":"Dag name:reddit_trending_pipeline","logger":"task.stdout"}
{"timestamp":"2025-10-20T17:57:58.354414Z","level":"info","event":"Done. Returned value was: ['MusicIndia', 'BollyBlindsNGossip', 'IndiaTech', 'popculturechat', 'sports', 'gaming', 'entertainment', 'worldnews', 'technology']","logger":"airflow.task.operators.airflow.providers.standard.decorators.python._PythonDecoratedOperator","filename":"python.py","lineno":218}
{"timestamp":"2025-10-20T17:57:58.354612Z","level":"info","event":"Pushing xcom","ti":"RuntimeTaskInstance(id=UUID('019a02c5-5476-781c-abb0-67a1bc6f7e90'), task_id='get_subreddits', dag_id='reddit_trending_pipeline', run_id='scheduled__2025-10-20T06:00:00+00:00', try_number=1, dag_version_id=UUID('019a02b5-27c9-79d9-846b-6276d52f7bc2'), map_index=-1, hostname='0775709aee9e', context_carrier={}, task=<Task(_PythonDecoratedOperator): get_subreddits>, bundle_instance=LocalDagBundle(name=dags-folder), max_tries=0, start_date=datetime.datetime(2025, 10, 20, 17, 57, 58, 101115, tzinfo=datetime.timezone.utc), end_date=None, state=<TaskInstanceState.RUNNING: 'running'>, is_mapped=False, rendered_map_index=None)","logger":"task","filename":"task_runner.py","lineno":1352}
{"timestamp":"2025-10-20T17:57:58.370651Z","level":"info","event":"Task instance in success state","logger":"task.stdout"}
{"timestamp":"2025-10-20T17:57:58.371235Z","level":"info","event":" Previous state of the Task instance: TaskInstanceState.RUNNING","logger":"task.stdout"}
{"timestamp":"2025-10-20T17:57:58.371318Z","level":"info","event":"Task operator:<Task(_PythonDecoratedOperator): get_subreddits>","logger":"task.stdout"}
{"timestamp":"2025-10-20T18:36:45.789802Z","level":"info","event":"DAG bundles loaded: dags-folder, example_dags","logger":"airflow.dag_processing.bundles.manager.DagBundlesManager","filename":"manager.py","lineno":179}
{"timestamp":"2025-10-20T18:36:45.791954Z","level":"info","event":"Filling up the DagBag from /opt/airflow/dags/reddit_trending_dag.py","logger":"airflow.models.dagbag.DagBag","filename":"dagbag.py","lineno":593}
{"timestamp":"2025-10-20T18:36:45.809486Z","level":"warning","event":"The `airflow.decorators.dag` attribute is deprecated. Please use `'airflow.sdk.dag'`.","category":"DeprecatedImportWarning","filename":"/opt/airflow/dags/reddit_trending_dag.py","lineno":13,"logger":"py.warnings"}
{"timestamp":"2025-10-20T18:36:45.809550Z","level":"warning","event":"The `airflow.decorators.task` attribute is deprecated. Please use `'airflow.sdk.task'`.","category":"DeprecatedImportWarning","filename":"/opt/airflow/dags/reddit_trending_dag.py","lineno":13,"logger":"py.warnings"}
{"timestamp":"2025-10-20T18:36:45.830250Z","level":"info","event":"Task instance is in running state","logger":"task.stdout"}
{"timestamp":"2025-10-20T18:36:45.832088Z","level":"info","event":" Previous state of the Task instance: TaskInstanceState.QUEUED","logger":"task.stdout"}
{"timestamp":"2025-10-20T18:36:45.832179Z","level":"info","event":"Current task name:get_subreddits","logger":"task.stdout"}
{"timestamp":"2025-10-20T18:36:45.832261Z","level":"info","event":"Dag name:reddit_trending_pipeline","logger":"task.stdout"}
{"timestamp":"2025-10-20T18:36:45.831479Z","level":"info","event":"Done. Returned value was: ['MusicIndia', 'BollyBlindsNGossip', 'IndiaTech', 'popculturechat', 'sports', 'gaming', 'entertainment', 'worldnews', 'technology']","logger":"airflow.task.operators.airflow.providers.standard.decorators.python._PythonDecoratedOperator","filename":"python.py","lineno":218}
{"timestamp":"2025-10-20T18:36:45.831745Z","level":"info","event":"Pushing xcom","ti":"RuntimeTaskInstance(id=UUID('019a02e8-4d9c-7604-b220-66583ca56868'), task_id='get_subreddits', dag_id='reddit_trending_pipeline', run_id='scheduled__2025-10-20T06:00:00+00:00', try_number=1, dag_version_id=UUID('019a02e8-1212-7584-93ae-34bca14bb6d1'), map_index=-1, hostname='4cd881da7598', context_carrier={}, task=<Task(_PythonDecoratedOperator): get_subreddits>, bundle_instance=LocalDagBundle(name=dags-folder), max_tries=0, start_date=datetime.datetime(2025, 10, 20, 18, 36, 44, 593490, tzinfo=datetime.timezone.utc), end_date=None, state=<TaskInstanceState.RUNNING: 'running'>, is_mapped=False, rendered_map_index=None)","logger":"task","filename":"task_runner.py","lineno":1352}
{"timestamp":"2025-10-20T18:36:45.849964Z","level":"info","event":"Task instance in success state","logger":"task.stdout"}
{"timestamp":"2025-10-20T18:36:45.850070Z","level":"info","event":" Previous state of the Task instance: TaskInstanceState.RUNNING","logger":"task.stdout"}
{"timestamp":"2025-10-20T18:36:45.850152Z","level":"info","event":"Task operator:<Task(_PythonDecoratedOperator): get_subreddits>","logger":"task.stdout"}
