{"timestamp":"2025-10-20T16:57:43.613478Z","level":"info","event":"DAG bundles loaded: dags-folder, example_dags","logger":"airflow.dag_processing.bundles.manager.DagBundlesManager","filename":"manager.py","lineno":179}
{"timestamp":"2025-10-20T16:57:43.614354Z","level":"info","event":"Filling up the DagBag from /opt/airflow/dags/reddit_trending_dag.py","logger":"airflow.models.dagbag.DagBag","filename":"dagbag.py","lineno":593}
{"timestamp":"2025-10-20T16:57:43.636668Z","level":"warning","event":"The `airflow.decorators.dag` attribute is deprecated. Please use `'airflow.sdk.dag'`.","category":"DeprecatedImportWarning","filename":"/opt/airflow/dags/reddit_trending_dag.py","lineno":13,"logger":"py.warnings"}
{"timestamp":"2025-10-20T16:57:43.636738Z","level":"warning","event":"The `airflow.decorators.task` attribute is deprecated. Please use `'airflow.sdk.task'`.","category":"DeprecatedImportWarning","filename":"/opt/airflow/dags/reddit_trending_dag.py","lineno":13,"logger":"py.warnings"}
{"timestamp":"2025-10-20T16:57:43.797201Z","level":"info","event":"Task instance is in running state","logger":"task.stdout"}
{"timestamp":"2025-10-20T16:57:43.797592Z","level":"info","event":" Previous state of the Task instance: TaskInstanceState.QUEUED","logger":"task.stdout"}
{"timestamp":"2025-10-20T16:57:43.798007Z","level":"info","event":"Current task name:fetch_subreddit","logger":"task.stdout"}
{"timestamp":"2025-10-20T16:57:43.798139Z","level":"info","event":"Dag name:reddit_trending_pipeline","logger":"task.stdout"}
{"timestamp":"2025-10-20T16:57:47.842464Z","level":"info","event":"Done. Returned value was: []","logger":"airflow.task.operators.airflow.providers.standard.decorators.python._PythonDecoratedOperator","filename":"python.py","lineno":218}
{"timestamp":"2025-10-20T16:57:47.842725Z","level":"info","event":"Pushing xcom","ti":"RuntimeTaskInstance(id=UUID('019a028e-1dbe-7265-9633-21ea82cba7be'), task_id='fetch_subreddit', dag_id='reddit_trending_pipeline', run_id='scheduled__2025-10-20T06:00:00+00:00', try_number=1, dag_version_id=UUID('019a028e-1b78-77f2-9a1f-323ab45d3269'), map_index=0, hostname='ee41a8127524', context_carrier={}, task=<Task(_PythonDecoratedOperator): fetch_subreddit>, bundle_instance=LocalDagBundle(name=dags-folder), max_tries=0, start_date=datetime.datetime(2025, 10, 20, 16, 57, 42, 978621, tzinfo=datetime.timezone.utc), end_date=None, state=<TaskInstanceState.RUNNING: 'running'>, is_mapped=True, rendered_map_index=None)","logger":"task","filename":"task_runner.py","lineno":1352}
{"timestamp":"2025-10-20T16:57:47.854777Z","level":"info","event":"Task instance in success state","logger":"task.stdout"}
{"timestamp":"2025-10-20T16:57:47.855059Z","level":"info","event":" Previous state of the Task instance: TaskInstanceState.RUNNING","logger":"task.stdout"}
{"timestamp":"2025-10-20T16:57:47.855262Z","level":"info","event":"Task operator:<Task(_PythonDecoratedOperator): fetch_subreddit>","logger":"task.stdout"}
{"timestamp":"2025-10-20T17:58:00.139958Z","level":"info","event":"DAG bundles loaded: dags-folder, example_dags","logger":"airflow.dag_processing.bundles.manager.DagBundlesManager","filename":"manager.py","lineno":179}
{"timestamp":"2025-10-20T17:58:00.140940Z","level":"info","event":"Filling up the DagBag from /opt/airflow/dags/reddit_trending_dag.py","logger":"airflow.models.dagbag.DagBag","filename":"dagbag.py","lineno":593}
{"timestamp":"2025-10-20T17:58:00.161091Z","level":"warning","event":"The `airflow.decorators.dag` attribute is deprecated. Please use `'airflow.sdk.dag'`.","category":"DeprecatedImportWarning","filename":"/opt/airflow/dags/reddit_trending_dag.py","lineno":13,"logger":"py.warnings"}
{"timestamp":"2025-10-20T17:58:00.161155Z","level":"warning","event":"The `airflow.decorators.task` attribute is deprecated. Please use `'airflow.sdk.task'`.","category":"DeprecatedImportWarning","filename":"/opt/airflow/dags/reddit_trending_dag.py","lineno":13,"logger":"py.warnings"}
{"timestamp":"2025-10-20T17:58:00.243373Z","level":"info","event":"Task instance is in running state","logger":"task.stdout"}
{"timestamp":"2025-10-20T17:58:00.247085Z","level":"info","event":" Previous state of the Task instance: TaskInstanceState.QUEUED","logger":"task.stdout"}
{"timestamp":"2025-10-20T17:58:00.247404Z","level":"info","event":"Current task name:fetch_subreddit","logger":"task.stdout"}
{"timestamp":"2025-10-20T17:58:00.247544Z","level":"info","event":"Dag name:reddit_trending_pipeline","logger":"task.stdout"}
{"timestamp":"2025-10-20T17:58:04.311131Z","level":"info","event":"Done. Returned value was: []","logger":"airflow.task.operators.airflow.providers.standard.decorators.python._PythonDecoratedOperator","filename":"python.py","lineno":218}
{"timestamp":"2025-10-20T17:58:04.311586Z","level":"info","event":"Pushing xcom","ti":"RuntimeTaskInstance(id=UUID('019a02c5-5477-78fa-877a-5ed7a39f4622'), task_id='fetch_subreddit', dag_id='reddit_trending_pipeline', run_id='scheduled__2025-10-20T06:00:00+00:00', try_number=1, dag_version_id=UUID('019a02b5-27c9-79d9-846b-6276d52f7bc2'), map_index=0, hostname='0775709aee9e', context_carrier={}, task=<Task(_PythonDecoratedOperator): fetch_subreddit>, bundle_instance=LocalDagBundle(name=dags-folder), max_tries=0, start_date=datetime.datetime(2025, 10, 20, 17, 57, 59, 342730, tzinfo=datetime.timezone.utc), end_date=None, state=<TaskInstanceState.RUNNING: 'running'>, is_mapped=True, rendered_map_index=None)","logger":"task","filename":"task_runner.py","lineno":1352}
{"timestamp":"2025-10-20T17:58:04.322120Z","level":"info","event":"Task instance in success state","logger":"task.stdout"}
{"timestamp":"2025-10-20T17:58:04.322260Z","level":"info","event":" Previous state of the Task instance: TaskInstanceState.RUNNING","logger":"task.stdout"}
{"timestamp":"2025-10-20T17:58:04.322437Z","level":"info","event":"Task operator:<Task(_PythonDecoratedOperator): fetch_subreddit>","logger":"task.stdout"}
{"timestamp":"2025-10-20T18:36:47.461374Z","level":"info","event":"DAG bundles loaded: dags-folder, example_dags","logger":"airflow.dag_processing.bundles.manager.DagBundlesManager","filename":"manager.py","lineno":179}
{"timestamp":"2025-10-20T18:36:47.461715Z","level":"info","event":"Filling up the DagBag from /opt/airflow/dags/reddit_trending_dag.py","logger":"airflow.models.dagbag.DagBag","filename":"dagbag.py","lineno":593}
{"timestamp":"2025-10-20T18:36:47.472864Z","level":"warning","event":"The `airflow.decorators.dag` attribute is deprecated. Please use `'airflow.sdk.dag'`.","category":"DeprecatedImportWarning","filename":"/opt/airflow/dags/reddit_trending_dag.py","lineno":13,"logger":"py.warnings"}
{"timestamp":"2025-10-20T18:36:47.472931Z","level":"warning","event":"The `airflow.decorators.task` attribute is deprecated. Please use `'airflow.sdk.task'`.","category":"DeprecatedImportWarning","filename":"/opt/airflow/dags/reddit_trending_dag.py","lineno":13,"logger":"py.warnings"}
{"timestamp":"2025-10-20T18:36:47.570151Z","level":"info","event":"Task instance is in running state","logger":"task.stdout"}
{"timestamp":"2025-10-20T18:36:47.571706Z","level":"info","event":" Previous state of the Task instance: TaskInstanceState.QUEUED","logger":"task.stdout"}
{"timestamp":"2025-10-20T18:36:47.572448Z","level":"info","event":"Current task name:fetch_subreddit","logger":"task.stdout"}
{"timestamp":"2025-10-20T18:36:47.572641Z","level":"info","event":"Dag name:reddit_trending_pipeline","logger":"task.stdout"}
{"timestamp":"2025-10-20T18:36:51.722791Z","level":"info","event":"Done. Returned value was: []","logger":"airflow.task.operators.airflow.providers.standard.decorators.python._PythonDecoratedOperator","filename":"python.py","lineno":218}
{"timestamp":"2025-10-20T18:36:51.724083Z","level":"info","event":"Pushing xcom","ti":"RuntimeTaskInstance(id=UUID('019a02e8-4d9d-7a63-9140-57a3695c5906'), task_id='fetch_subreddit', dag_id='reddit_trending_pipeline', run_id='scheduled__2025-10-20T06:00:00+00:00', try_number=1, dag_version_id=UUID('019a02e8-1212-7584-93ae-34bca14bb6d1'), map_index=0, hostname='4cd881da7598', context_carrier={}, task=<Task(_PythonDecoratedOperator): fetch_subreddit>, bundle_instance=LocalDagBundle(name=dags-folder), max_tries=0, start_date=datetime.datetime(2025, 10, 20, 18, 36, 47, 30819, tzinfo=datetime.timezone.utc), end_date=None, state=<TaskInstanceState.RUNNING: 'running'>, is_mapped=True, rendered_map_index=None)","logger":"task","filename":"task_runner.py","lineno":1352}
{"timestamp":"2025-10-20T18:36:51.744900Z","level":"info","event":"Task instance in success state","logger":"task.stdout"}
{"timestamp":"2025-10-20T18:36:51.745117Z","level":"info","event":" Previous state of the Task instance: TaskInstanceState.RUNNING","logger":"task.stdout"}
{"timestamp":"2025-10-20T18:36:51.745491Z","level":"info","event":"Task operator:<Task(_PythonDecoratedOperator): fetch_subreddit>","logger":"task.stdout"}
